Using pre-set license
Built from '2021.3/staging' branch; Version is '2021.3.16f1 (4016570cf34f) revision 4200023'; Using compiler version '192829333'; Build Type 'Release'
OS: 'Windows 11  (10.0.22000) 64bit Core' Language: 'zh' Physical Memory: 16151 MB
BatchMode: 1, IsHumanControllingUs: 0, StartBugReporterOnCrash: 0, Is64bit: 1, IsPro: 1

COMMAND LINE ARGUMENTS:
C:\Program Files\Unity\Hub\Editor\2021.3.16f1\Editor\Unity.exe
-adb2
-batchMode
-noUpm
-name
AssetImportWorker0
-projectPath
F:/PanminGitHub/ZhenzhenRepository/Dive in Art Museum
-logFile
Logs/AssetImportWorker0.log
-srvPort
5790
Successfully changed project path to: F:/PanminGitHub/ZhenzhenRepository/Dive in Art Museum
F:/PanminGitHub/ZhenzhenRepository/Dive in Art Museum
[UnityMemory] Configuration Parameters - Can be set up in boot.config
    "memorysetup-bucket-allocator-granularity=16"
    "memorysetup-bucket-allocator-bucket-count=8"
    "memorysetup-bucket-allocator-block-size=33554432"
    "memorysetup-bucket-allocator-block-count=8"
    "memorysetup-main-allocator-block-size=16777216"
    "memorysetup-thread-allocator-block-size=16777216"
    "memorysetup-gfx-main-allocator-block-size=16777216"
    "memorysetup-gfx-thread-allocator-block-size=16777216"
    "memorysetup-cache-allocator-block-size=4194304"
    "memorysetup-typetree-allocator-block-size=2097152"
    "memorysetup-profiler-bucket-allocator-granularity=16"
    "memorysetup-profiler-bucket-allocator-bucket-count=8"
    "memorysetup-profiler-bucket-allocator-block-size=33554432"
    "memorysetup-profiler-bucket-allocator-block-count=8"
    "memorysetup-profiler-allocator-block-size=16777216"
    "memorysetup-profiler-editor-allocator-block-size=1048576"
    "memorysetup-temp-allocator-size-main=16777216"
    "memorysetup-job-temp-allocator-block-size=2097152"
    "memorysetup-job-temp-allocator-block-size-background=1048576"
    "memorysetup-job-temp-allocator-reduction-small-platforms=262144"
    "memorysetup-temp-allocator-size-background-worker=32768"
    "memorysetup-temp-allocator-size-job-worker=262144"
    "memorysetup-temp-allocator-size-preload-manager=33554432"
    "memorysetup-temp-allocator-size-nav-mesh-worker=65536"
    "memorysetup-temp-allocator-size-audio-worker=65536"
    "memorysetup-temp-allocator-size-cloud-worker=32768"
    "memorysetup-temp-allocator-size-gi-baking-worker=262144"
    "memorysetup-temp-allocator-size-gfx=262144"
Player connection [27916] Host "[IP] 10.4.214.218 [Port] 0 [Flags] 2 [Guid] 1375703290 [EditorId] 1375703290 [Version] 1048832 [Id] WindowsEditor(7,LAPTOP-LG8Q0287) [Debug] 1 [PackageName] WindowsEditor [ProjectName] Editor" joined multi-casting on [225.0.0.222:54997]...

Player connection [27916] Host "[IP] 10.4.214.218 [Port] 0 [Flags] 2 [Guid] 1375703290 [EditorId] 1375703290 [Version] 1048832 [Id] WindowsEditor(7,LAPTOP-LG8Q0287) [Debug] 1 [PackageName] WindowsEditor [ProjectName] Editor" joined alternative multi-casting on [225.0.0.222:34997]...

Refreshing native plugins compatible for Editor in 83.71 ms, found 3 plugins.
Preloading 0 native plugins for Editor in 0.00 ms.
Initialize engine version: 2021.3.16f1 (4016570cf34f)
[Subsystems] Discovering subsystems at path C:/Program Files/Unity/Hub/Editor/2021.3.16f1/Editor/Data/Resources/UnitySubsystems
[Subsystems] Discovering subsystems at path F:/PanminGitHub/ZhenzhenRepository/Dive in Art Museum/Assets
GfxDevice: creating device client; threaded=0; jobified=0
Direct3D:
    Version:  Direct3D 11.0 [level 11.1]
    Renderer: NVIDIA GeForce RTX 3070 Laptop GPU (ID=0x24dd)
    Vendor:   NVIDIA
    VRAM:     8044 MB
    Driver:   30.0.15.1236
Initialize mono
Mono path[0] = 'C:/Program Files/Unity/Hub/Editor/2021.3.16f1/Editor/Data/Managed'
Mono path[1] = 'C:/Program Files/Unity/Hub/Editor/2021.3.16f1/Editor/Data/MonoBleedingEdge/lib/mono/unityjit-win32'
Mono config path = 'C:/Program Files/Unity/Hub/Editor/2021.3.16f1/Editor/Data/MonoBleedingEdge/etc'
Using monoOptions --debugger-agent=transport=dt_socket,embedding=1,server=y,suspend=n,address=127.0.0.1:56708
Begin MonoManager ReloadAssembly
Registering precompiled unity dll's ...
Register platform support module: C:/Program Files/Unity/Hub/Editor/2021.3.16f1/Editor/Data/PlaybackEngines/WebGLSupport/UnityEditor.WebGL.Extensions.dll
Register platform support module: C:/Program Files/Unity/Hub/Editor/2021.3.16f1/Editor/Data/PlaybackEngines/AndroidPlayer/UnityEditor.Android.Extensions.dll
Register platform support module: C:/Program Files/Unity/Hub/Editor/2021.3.16f1/Editor/Data/PlaybackEngines/WindowsStandaloneSupport/UnityEditor.WindowsStandalone.Extensions.dll
Registered in 0.003400 seconds.
Native extension for WindowsStandalone target not found
Native extension for Android target not found
Native extension for WebGL target not found
Refreshing native plugins compatible for Editor in 86.85 ms, found 3 plugins.
Preloading 0 native plugins for Editor in 0.00 ms.
Mono: successfully reloaded assembly
- Completed reload, in  0.689 seconds
Domain Reload Profiling:
	ReloadAssembly (690ms)
		BeginReloadAssembly (66ms)
			ExecutionOrderSort (0ms)
			DisableScriptedObjects (0ms)
			BackupInstance (0ms)
			ReleaseScriptingObjects (0ms)
			CreateAndSetChildDomain (1ms)
		EndReloadAssembly (527ms)
			LoadAssemblies (64ms)
			RebuildTransferFunctionScriptingTraits (0ms)
			SetupTypeCache (121ms)
			ReleaseScriptCaches (0ms)
			RebuildScriptCaches (36ms)
			SetupLoadedEditorAssemblies (308ms)
				LogAssemblyErrors (0ms)
				InitializePlatformSupportModulesInManaged (70ms)
				SetLoadedEditorAssemblies (0ms)
				RefreshPlugins (87ms)
				BeforeProcessingInitializeOnLoad (2ms)
				ProcessInitializeOnLoadAttributes (100ms)
				ProcessInitializeOnLoadMethodAttributes (49ms)
				AfterProcessingInitializeOnLoad (0ms)
				EditorAssembliesLoaded (0ms)
			ExecutionOrderSort2 (0ms)
			AwakeInstancesAfterBackupRestoration (0ms)
Platform modules already initialized, skipping
Registering precompiled user dll's ...
Registered in 0.003176 seconds.
Begin MonoManager ReloadAssembly
Symbol file LoadedFromMemory doesn't match image F:\PanminGitHub\ZhenzhenRepository\Dive in Art Museum\Library\PackageCache\com.unity.visualscripting@1.7.8\Editor\VisualScripting.Core\Dependencies\YamlDotNet\Unity.VisualScripting.YamlDotNet.dll
Symbol file LoadedFromMemory doesn't match image F:\PanminGitHub\ZhenzhenRepository\Dive in Art Museum\Library\PackageCache\com.unity.visualscripting@1.7.8\Editor\VisualScripting.Core\Dependencies\DotNetZip\Unity.VisualScripting.IonicZip.dll
Native extension for WindowsStandalone target not found
Native extension for Android target not found
Native extension for WebGL target not found
Refreshing native plugins compatible for Editor in 68.44 ms, found 3 plugins.
Preloading 0 native plugins for Editor in 0.00 ms.
Package Manager log level set to [2]
Mono: successfully reloaded assembly
- Completed reload, in  1.366 seconds
Domain Reload Profiling:
	ReloadAssembly (1367ms)
		BeginReloadAssembly (303ms)
			ExecutionOrderSort (0ms)
			DisableScriptedObjects (5ms)
			BackupInstance (0ms)
			ReleaseScriptingObjects (0ms)
			CreateAndSetChildDomain (191ms)
		EndReloadAssembly (942ms)
			LoadAssemblies (103ms)
			RebuildTransferFunctionScriptingTraits (0ms)
			SetupTypeCache (242ms)
			ReleaseScriptCaches (1ms)
			RebuildScriptCaches (59ms)
			SetupLoadedEditorAssemblies (516ms)
				LogAssemblyErrors (0ms)
				InitializePlatformSupportModulesInManaged (18ms)
				SetLoadedEditorAssemblies (0ms)
				RefreshPlugins (69ms)
				BeforeProcessingInitializeOnLoad (75ms)
				ProcessInitializeOnLoadAttributes (329ms)
				ProcessInitializeOnLoadMethodAttributes (21ms)
				AfterProcessingInitializeOnLoad (4ms)
				EditorAssembliesLoaded (0ms)
			ExecutionOrderSort2 (0ms)
			AwakeInstancesAfterBackupRestoration (8ms)
Platform modules already initialized, skipping
========================================================================
Worker process is ready to serve import requests
Launched and connected shader compiler UnityShaderCompiler.exe after 0.05 seconds
Refreshing native plugins compatible for Editor in 0.85 ms, found 3 plugins.
Preloading 0 native plugins for Editor in 0.00 ms.
Unloading 3943 Unused Serialized files (Serialized files now loaded: 0)
Unloading 28 unused Assets / (56.1 KB). Loaded Objects now: 4407.
Memory consumption went from 136.9 MB to 136.9 MB.
Total: 4.977700 ms (FindLiveObjects: 0.659900 ms CreateObjectMapping: 0.277300 ms MarkObjects: 3.893700 ms  DeleteObjects: 0.145200 ms)

AssetImportParameters requested are different than current active one (requested -> active):
  custom:video-decoder-ogg-theora: a1e56fd34408186e4bbccfd4996cb3dc -> 
  custom:container-muxer-webm: aa71ff27fc2769a1b78a27578f13a17b -> 
  custom:container-demuxer-webm: 4f35f7cbe854078d1ac9338744f61a02 -> 
  custom:video-encoder-webm-vp8: eb34c28f22e8b96e1ab97ce403110664 -> 
  custom:video-codec-MediaFoundation-h265: 746d11721c4dcdbdad8f713fa42b33f4 -> 
  custom:audio-encoder-webm-vorbis: bf7c407c2cedff20999df2af8eb42d56 -> 
  custom:framework-win-MediaFoundation: 216162199b28c13a410421893ffa2e32 -> 
  custom:container-demuxer-ogg: 62fdf1f143b41e24485cea50d1cbac27 -> 
  custom:video-decoder-webm-vp8: 9c59270c3fd7afecdb556c50c9e8de78 -> 
  custom:audio-decoder-ogg-vorbis: bf7c407c2cedff20999df2af8eb42d56 -> 
========================================================================
Received Import Request.
  Time since last request: 630248.466740 seconds.
  path: Assets/New Material.mat
  artifactKey: Guid(887f6dfd3d6ac471f949924a4a6d74d6) Importer(815301076,1909f56bfc062723c751e8b465ee728b)
Start importing Assets/New Material.mat using Guid(887f6dfd3d6ac471f949924a4a6d74d6) Importer(815301076,1909f56bfc062723c751e8b465ee728b)  -> (artifact id: 'f66dd2677d227d0cad73e6356815a2f1') in 0.269351 seconds 
========================================================================
Received Import Request.
  Time since last request: 0.000026 seconds.
  path: Assets/New Material 4.mat
  artifactKey: Guid(63cf9c382c820437ea816da9bf560f7d) Importer(815301076,1909f56bfc062723c751e8b465ee728b)
Start importing Assets/New Material 4.mat using Guid(63cf9c382c820437ea816da9bf560f7d) Importer(815301076,1909f56bfc062723c751e8b465ee728b)  -> (artifact id: 'c235bf9fe6edd6a3b8b56febda03e00a') in 0.012444 seconds 
========================================================================
Received Import Request.
  Time since last request: 0.000032 seconds.
  path: Assets/New Material 2.mat
  artifactKey: Guid(e4ddfb75eb0a2492fa77ee87e06276da) Importer(815301076,1909f56bfc062723c751e8b465ee728b)
Start importing Assets/New Material 2.mat using Guid(e4ddfb75eb0a2492fa77ee87e06276da) Importer(815301076,1909f56bfc062723c751e8b465ee728b)  -> (artifact id: '2ba5e7fed05b6e235101872f391626a4') in 0.009677 seconds 
========================================================================
Received Import Request.
  Time since last request: 46.071931 seconds.
  path: Assets/vr_project.obj
  artifactKey: Guid(dc3c170aa51f345b0a4cd8ac57560290) Importer(815301076,1909f56bfc062723c751e8b465ee728b)
Start importing Assets/vr_project.obj using Guid(dc3c170aa51f345b0a4cd8ac57560290) Importer(815301076,1909f56bfc062723c751e8b465ee728b)  -> (artifact id: 'fb12d305d55d995d33282bfe3281ee85') in 0.728960 seconds 
========================================================================
Received Import Request.
  Time since last request: 5.988931 seconds.
  path: Assets/Dive in Art Museum.unity
  artifactKey: Guid(c08bd2b3865434e3c9b58075aa2fe737) Importer(815301076,1909f56bfc062723c751e8b465ee728b)
Start importing Assets/Dive in Art Museum.unity using Guid(c08bd2b3865434e3c9b58075aa2fe737) Importer(815301076,1909f56bfc062723c751e8b465ee728b)  -> (artifact id: 'ee984feecf20a576fbf8c2ec753700a3') in 0.004333 seconds 
========================================================================
Received Import Request.
  Time since last request: 20.929341 seconds.
  path: Assets/animatehand.cs
  artifactKey: Guid(34c9bb971a5b24fb889c4ca8b6ec6aaa) Importer(815301076,1909f56bfc062723c751e8b465ee728b)
Start importing Assets/animatehand.cs using Guid(34c9bb971a5b24fb889c4ca8b6ec6aaa) Importer(815301076,1909f56bfc062723c751e8b465ee728b)  -> (artifact id: 'd0d89bc716f59b42cb0d3b9c1bb90e05') in 0.016952 seconds 
========================================================================
Received Import Request.
  Time since last request: 21.923478 seconds.
  path: Assets
  artifactKey: Guid(00000000000000001000000000000000) Importer(815301076,1909f56bfc062723c751e8b465ee728b)
Start importing Assets using Guid(00000000000000001000000000000000) Importer(815301076,1909f56bfc062723c751e8b465ee728b)  -> (artifact id: '79842766b460edbeab6a34051e857a80') in 0.005086 seconds 
========================================================================
Received Import Request.
  Time since last request: 10.759458 seconds.
  path: Assets/Scenes
  artifactKey: Guid(92fc13deb21836744934f6f6707082f6) Importer(815301076,1909f56bfc062723c751e8b465ee728b)
Start importing Assets/Scenes using Guid(92fc13deb21836744934f6f6707082f6) Importer(815301076,1909f56bfc062723c751e8b465ee728b)  -> (artifact id: '07a66200e51bc925e581154a23f6ef69') in 0.006477 seconds 
========================================================================
Received Import Request.
  Time since last request: 7.650759 seconds.
  path: Assets/NewBehaviourScript.cs
  artifactKey: Guid(b19a51658bc68d94f8c7a38fcd2bfcc2) Importer(815301076,1909f56bfc062723c751e8b465ee728b)
Start importing Assets/NewBehaviourScript.cs using Guid(b19a51658bc68d94f8c7a38fcd2bfcc2) Importer(815301076,1909f56bfc062723c751e8b465ee728b)  -> (artifact id: 'd7b8fd810243f3b4e30b3472eb368417') in 0.005533 seconds 
========================================================================
Received Import Request.
  Time since last request: 7.900105 seconds.
  path: Assets/Materials
  artifactKey: Guid(fd7d03527b4d332479b52ed435fe2e54) Importer(815301076,1909f56bfc062723c751e8b465ee728b)
Start importing Assets/Materials using Guid(fd7d03527b4d332479b52ed435fe2e54) Importer(815301076,1909f56bfc062723c751e8b465ee728b)  -> (artifact id: '4500dd9cd1a4b4fc7ea1aa982e03a35e') in 0.007338 seconds 
========================================================================
Received Import Request.
  Time since last request: 16.546995 seconds.
  path: Assets/Scripts
  artifactKey: Guid(0c5c9391cd5403940a78ee89f2163d20) Importer(815301076,1909f56bfc062723c751e8b465ee728b)
Start importing Assets/Scripts using Guid(0c5c9391cd5403940a78ee89f2163d20) Importer(815301076,1909f56bfc062723c751e8b465ee728b)  -> (artifact id: '9155081299b16cc27effe18db87339bc') in 0.005575 seconds 
========================================================================
Received Import Request.
  Time since last request: 7.973858 seconds.
  path: Assets/Meshes
  artifactKey: Guid(07c1ce58df02d3241bba5f12efc7f5b1) Importer(815301076,1909f56bfc062723c751e8b465ee728b)
Start importing Assets/Meshes using Guid(07c1ce58df02d3241bba5f12efc7f5b1) Importer(815301076,1909f56bfc062723c751e8b465ee728b)  -> (artifact id: 'b3198d9d7ae735ce84ab435842463cf1') in 0.009274 seconds 
========================================================================
Received Import Request.
  Time since last request: 37.283004 seconds.
  path: Assets/Samples
  artifactKey: Guid(6b4e5b616202445059a9c24b359c8ebe) Importer(815301076,1909f56bfc062723c751e8b465ee728b)
Start importing Assets/Samples using Guid(6b4e5b616202445059a9c24b359c8ebe) Importer(815301076,1909f56bfc062723c751e8b465ee728b)  -> (artifact id: 'fe72afcfa5da9b6af62ac0ea0b7887ac') in 0.004658 seconds 
========================================================================
Received Import Request.
  Time since last request: 191.934783 seconds.
  path: Assets/Scenes/New Scene.unity
  artifactKey: Guid(57490459ed83a544b903a4e8bf68b5dc) Importer(815301076,1909f56bfc062723c751e8b465ee728b)
Start importing Assets/Scenes/New Scene.unity using Guid(57490459ed83a544b903a4e8bf68b5dc) Importer(815301076,1909f56bfc062723c751e8b465ee728b)  -> (artifact id: 'c769c091128a5f92e6a0665e26c80c53') in 0.007618 seconds 
========================================================================
Received Import Request.
  Time since last request: 15.403050 seconds.
  path: Assets/Scenes/Dive in Art Museum.unity
  artifactKey: Guid(c08bd2b3865434e3c9b58075aa2fe737) Importer(815301076,1909f56bfc062723c751e8b465ee728b)
Start importing Assets/Scenes/Dive in Art Museum.unity using Guid(c08bd2b3865434e3c9b58075aa2fe737) Importer(815301076,1909f56bfc062723c751e8b465ee728b)  -> (artifact id: 'd272ef8f3c02ec66738359616666816d') in 0.003012 seconds 
========================================================================
Received Prepare
Refreshing native plugins compatible for Editor in 7.14 ms, found 3 plugins.
Preloading 0 native plugins for Editor in 0.00 ms.
Unloading 18 Unused Serialized files (Serialized files now loaded: 0)
Unloading 18 unused Assets / (21.9 KB). Loaded Objects now: 4452.
Memory consumption went from 63.9 MB to 63.9 MB.
Total: 10.448400 ms (FindLiveObjects: 0.932300 ms CreateObjectMapping: 0.235600 ms MarkObjects: 9.201900 ms  DeleteObjects: 0.075500 ms)

AssetImportParameters requested are different than current active one (requested -> active):
  custom:video-decoder-ogg-theora: a1e56fd34408186e4bbccfd4996cb3dc -> 
  custom:container-muxer-webm: aa71ff27fc2769a1b78a27578f13a17b -> 
  custom:container-demuxer-webm: 4f35f7cbe854078d1ac9338744f61a02 -> 
  custom:video-encoder-webm-vp8: eb34c28f22e8b96e1ab97ce403110664 -> 
  custom:video-codec-MediaFoundation-h265: 746d11721c4dcdbdad8f713fa42b33f4 -> 
  custom:audio-encoder-webm-vorbis: bf7c407c2cedff20999df2af8eb42d56 -> 
  custom:framework-win-MediaFoundation: 216162199b28c13a410421893ffa2e32 -> 
  custom:container-demuxer-ogg: 62fdf1f143b41e24485cea50d1cbac27 -> 
  custom:video-decoder-webm-vp8: 9c59270c3fd7afecdb556c50c9e8de78 -> 
  custom:audio-decoder-ogg-vorbis: bf7c407c2cedff20999df2af8eb42d56 -> 
========================================================================
Received Prepare
Refreshing native plugins compatible for Editor in 5.85 ms, found 3 plugins.
Preloading 0 native plugins for Editor in 0.00 ms.
Unloading 18 Unused Serialized files (Serialized files now loaded: 0)
Unloading 18 unused Assets / (21.9 KB). Loaded Objects now: 4452.
Memory consumption went from 63.9 MB to 63.9 MB.
Total: 7.026400 ms (FindLiveObjects: 1.187100 ms CreateObjectMapping: 0.866200 ms MarkObjects: 4.905000 ms  DeleteObjects: 0.064600 ms)

AssetImportParameters requested are different than current active one (requested -> active):
  custom:video-decoder-ogg-theora: a1e56fd34408186e4bbccfd4996cb3dc -> 
  custom:container-muxer-webm: aa71ff27fc2769a1b78a27578f13a17b -> 
  custom:container-demuxer-webm: 4f35f7cbe854078d1ac9338744f61a02 -> 
  custom:video-encoder-webm-vp8: eb34c28f22e8b96e1ab97ce403110664 -> 
  custom:video-codec-MediaFoundation-h265: 746d11721c4dcdbdad8f713fa42b33f4 -> 
  custom:audio-encoder-webm-vorbis: bf7c407c2cedff20999df2af8eb42d56 -> 
  custom:framework-win-MediaFoundation: 216162199b28c13a410421893ffa2e32 -> 
  custom:container-demuxer-ogg: 62fdf1f143b41e24485cea50d1cbac27 -> 
  custom:video-decoder-webm-vp8: 9c59270c3fd7afecdb556c50c9e8de78 -> 
  custom:audio-decoder-ogg-vorbis: bf7c407c2cedff20999df2af8eb42d56 -> 
